The system is: Linux - 3.19.0-32-generic - x86_64
Compiling the C compiler identification source file "CMakeCCompilerId.c" succeeded.
Compiler: /usr/bin/clang 
Build flags: 
Id flags: 

The output was:
0


Compilation of the C compiler identification source "CMakeCCompilerId.c" produced "a.out"

The C compiler identification is Clang, found in "/home/tomek/Dropbox/solver/CMakeFiles/2.8.12.2/CompilerIdC/a.out"

Compiling the CXX compiler identification source file "CMakeCXXCompilerId.cpp" succeeded.
Compiler: /usr/bin/clang++ 
Build flags: 
Id flags: 

The output was:
0


Compilation of the CXX compiler identification source "CMakeCXXCompilerId.cpp" produced "a.out"

The CXX compiler identification is Clang, found in "/home/tomek/Dropbox/solver/CMakeFiles/2.8.12.2/CompilerIdCXX/a.out"

Determining if the C compiler works passed with the following output:
Change Dir: /home/tomek/Dropbox/solver/CMakeFiles/CMakeTmp

Run Build Command:/usr/bin/make "cmTryCompileExec2695418069/fast"
/usr/bin/make -f CMakeFiles/cmTryCompileExec2695418069.dir/build.make CMakeFiles/cmTryCompileExec2695418069.dir/build
make[1]: Entering directory `/home/tomek/Dropbox/solver/CMakeFiles/CMakeTmp'
/usr/bin/cmake -E cmake_progress_report /home/tomek/Dropbox/solver/CMakeFiles/CMakeTmp/CMakeFiles 1
Building C object CMakeFiles/cmTryCompileExec2695418069.dir/testCCompiler.c.o
/usr/bin/clang    -o CMakeFiles/cmTryCompileExec2695418069.dir/testCCompiler.c.o   -c /home/tomek/Dropbox/solver/CMakeFiles/CMakeTmp/testCCompiler.c
Linking C executable cmTryCompileExec2695418069
/usr/bin/cmake -E cmake_link_script CMakeFiles/cmTryCompileExec2695418069.dir/link.txt --verbose=1
/usr/bin/clang       CMakeFiles/cmTryCompileExec2695418069.dir/testCCompiler.c.o  -o cmTryCompileExec2695418069 -rdynamic 
make[1]: Leaving directory `/home/tomek/Dropbox/solver/CMakeFiles/CMakeTmp'


Detecting C compiler ABI info compiled with the following output:
Change Dir: /home/tomek/Dropbox/solver/CMakeFiles/CMakeTmp

Run Build Command:/usr/bin/make "cmTryCompileExec3588022306/fast"
/usr/bin/make -f CMakeFiles/cmTryCompileExec3588022306.dir/build.make CMakeFiles/cmTryCompileExec3588022306.dir/build
make[1]: Entering directory `/home/tomek/Dropbox/solver/CMakeFiles/CMakeTmp'
/usr/bin/cmake -E cmake_progress_report /home/tomek/Dropbox/solver/CMakeFiles/CMakeTmp/CMakeFiles 1
Building C object CMakeFiles/cmTryCompileExec3588022306.dir/CMakeCCompilerABI.c.o
/usr/bin/clang    -o CMakeFiles/cmTryCompileExec3588022306.dir/CMakeCCompilerABI.c.o   -c /usr/share/cmake-2.8/Modules/CMakeCCompilerABI.c
Linking C executable cmTryCompileExec3588022306
/usr/bin/cmake -E cmake_link_script CMakeFiles/cmTryCompileExec3588022306.dir/link.txt --verbose=1
/usr/bin/clang     -v CMakeFiles/cmTryCompileExec3588022306.dir/CMakeCCompilerABI.c.o  -o cmTryCompileExec3588022306 -rdynamic  
Ubuntu clang version 3.4-1ubuntu3 (tags/RELEASE_34/final) (based on LLVM 3.4)
Target: x86_64-pc-linux-gnu
Thread model: posix
Found candidate GCC installation: /usr/bin/../lib/gcc/i686-linux-gnu/4.8
Found candidate GCC installation: /usr/bin/../lib/gcc/i686-linux-gnu/4.8.4
Found candidate GCC installation: /usr/bin/../lib/gcc/i686-linux-gnu/4.9
Found candidate GCC installation: /usr/bin/../lib/gcc/i686-linux-gnu/4.9.3
Found candidate GCC installation: /usr/bin/../lib/gcc/x86_64-linux-gnu/4.8
Found candidate GCC installation: /usr/bin/../lib/gcc/x86_64-linux-gnu/4.8.4
Found candidate GCC installation: /usr/bin/../lib/gcc/x86_64-linux-gnu/4.9
Found candidate GCC installation: /usr/bin/../lib/gcc/x86_64-linux-gnu/4.9.3
Found candidate GCC installation: /usr/lib/gcc/i686-linux-gnu/4.8
Found candidate GCC installation: /usr/lib/gcc/i686-linux-gnu/4.8.4
Found candidate GCC installation: /usr/lib/gcc/i686-linux-gnu/4.9
Found candidate GCC installation: /usr/lib/gcc/i686-linux-gnu/4.9.3
Found candidate GCC installation: /usr/lib/gcc/x86_64-linux-gnu/4.8
Found candidate GCC installation: /usr/lib/gcc/x86_64-linux-gnu/4.8.4
Found candidate GCC installation: /usr/lib/gcc/x86_64-linux-gnu/4.9
Found candidate GCC installation: /usr/lib/gcc/x86_64-linux-gnu/4.9.3
Selected GCC installation: /usr/bin/../lib/gcc/x86_64-linux-gnu/4.8
 "/usr/bin/ld" -export-dynamic --eh-frame-hdr -m elf_x86_64 -dynamic-linker /lib64/ld-linux-x86-64.so.2 -o cmTryCompileExec3588022306 /usr/bin/../lib/gcc/x86_64-linux-gnu/4.8/../../../x86_64-linux-gnu/crt1.o /usr/bin/../lib/gcc/x86_64-linux-gnu/4.8/../../../x86_64-linux-gnu/crti.o /usr/bin/../lib/gcc/x86_64-linux-gnu/4.8/crtbegin.o -L/usr/bin/../lib/gcc/x86_64-linux-gnu/4.8 -L/usr/bin/../lib/gcc/x86_64-linux-gnu/4.8/../../../x86_64-linux-gnu -L/lib/x86_64-linux-gnu -L/lib/../lib64 -L/usr/lib/x86_64-linux-gnu -L/usr/bin/../lib/gcc/x86_64-linux-gnu/4.8/../../.. -L/lib -L/usr/lib CMakeFiles/cmTryCompileExec3588022306.dir/CMakeCCompilerABI.c.o -lgcc --as-needed -lgcc_s --no-as-needed -lc -lgcc --as-needed -lgcc_s --no-as-needed /usr/bin/../lib/gcc/x86_64-linux-gnu/4.8/crtend.o /usr/bin/../lib/gcc/x86_64-linux-gnu/4.8/../../../x86_64-linux-gnu/crtn.o
make[1]: Leaving directory `/home/tomek/Dropbox/solver/CMakeFiles/CMakeTmp'


Parsed C implicit link information from above output:
  link line regex: [^( *|.*[/\])(ld|([^/\]+-)?ld|collect2)[^/\]*( |$)]
  ignore line: [Change Dir: /home/tomek/Dropbox/solver/CMakeFiles/CMakeTmp]
  ignore line: []
  ignore line: [Run Build Command:/usr/bin/make "cmTryCompileExec3588022306/fast"]
  ignore line: [/usr/bin/make -f CMakeFiles/cmTryCompileExec3588022306.dir/build.make CMakeFiles/cmTryCompileExec3588022306.dir/build]
  ignore line: [make[1]: Entering directory `/home/tomek/Dropbox/solver/CMakeFiles/CMakeTmp']
  ignore line: [/usr/bin/cmake -E cmake_progress_report /home/tomek/Dropbox/solver/CMakeFiles/CMakeTmp/CMakeFiles 1]
  ignore line: [Building C object CMakeFiles/cmTryCompileExec3588022306.dir/CMakeCCompilerABI.c.o]
  ignore line: [/usr/bin/clang    -o CMakeFiles/cmTryCompileExec3588022306.dir/CMakeCCompilerABI.c.o   -c /usr/share/cmake-2.8/Modules/CMakeCCompilerABI.c]
  ignore line: [Linking C executable cmTryCompileExec3588022306]
  ignore line: [/usr/bin/cmake -E cmake_link_script CMakeFiles/cmTryCompileExec3588022306.dir/link.txt --verbose=1]
  ignore line: [/usr/bin/clang     -v CMakeFiles/cmTryCompileExec3588022306.dir/CMakeCCompilerABI.c.o  -o cmTryCompileExec3588022306 -rdynamic  ]
  ignore line: [Ubuntu clang version 3.4-1ubuntu3 (tags/RELEASE_34/final) (based on LLVM 3.4)]
  ignore line: [Target: x86_64-pc-linux-gnu]
  ignore line: [Thread model: posix]
  ignore line: [Found candidate GCC installation: /usr/bin/../lib/gcc/i686-linux-gnu/4.8]
  ignore line: [Found candidate GCC installation: /usr/bin/../lib/gcc/i686-linux-gnu/4.8.4]
  ignore line: [Found candidate GCC installation: /usr/bin/../lib/gcc/i686-linux-gnu/4.9]
  ignore line: [Found candidate GCC installation: /usr/bin/../lib/gcc/i686-linux-gnu/4.9.3]
  ignore line: [Found candidate GCC installation: /usr/bin/../lib/gcc/x86_64-linux-gnu/4.8]
  ignore line: [Found candidate GCC installation: /usr/bin/../lib/gcc/x86_64-linux-gnu/4.8.4]
  ignore line: [Found candidate GCC installation: /usr/bin/../lib/gcc/x86_64-linux-gnu/4.9]
  ignore line: [Found candidate GCC installation: /usr/bin/../lib/gcc/x86_64-linux-gnu/4.9.3]
  ignore line: [Found candidate GCC installation: /usr/lib/gcc/i686-linux-gnu/4.8]
  ignore line: [Found candidate GCC installation: /usr/lib/gcc/i686-linux-gnu/4.8.4]
  ignore line: [Found candidate GCC installation: /usr/lib/gcc/i686-linux-gnu/4.9]
  ignore line: [Found candidate GCC installation: /usr/lib/gcc/i686-linux-gnu/4.9.3]
  ignore line: [Found candidate GCC installation: /usr/lib/gcc/x86_64-linux-gnu/4.8]
  ignore line: [Found candidate GCC installation: /usr/lib/gcc/x86_64-linux-gnu/4.8.4]
  ignore line: [Found candidate GCC installation: /usr/lib/gcc/x86_64-linux-gnu/4.9]
  ignore line: [Found candidate GCC installation: /usr/lib/gcc/x86_64-linux-gnu/4.9.3]
  ignore line: [Selected GCC installation: /usr/bin/../lib/gcc/x86_64-linux-gnu/4.8]
  link line: [ "/usr/bin/ld" -export-dynamic --eh-frame-hdr -m elf_x86_64 -dynamic-linker /lib64/ld-linux-x86-64.so.2 -o cmTryCompileExec3588022306 /usr/bin/../lib/gcc/x86_64-linux-gnu/4.8/../../../x86_64-linux-gnu/crt1.o /usr/bin/../lib/gcc/x86_64-linux-gnu/4.8/../../../x86_64-linux-gnu/crti.o /usr/bin/../lib/gcc/x86_64-linux-gnu/4.8/crtbegin.o -L/usr/bin/../lib/gcc/x86_64-linux-gnu/4.8 -L/usr/bin/../lib/gcc/x86_64-linux-gnu/4.8/../../../x86_64-linux-gnu -L/lib/x86_64-linux-gnu -L/lib/../lib64 -L/usr/lib/x86_64-linux-gnu -L/usr/bin/../lib/gcc/x86_64-linux-gnu/4.8/../../.. -L/lib -L/usr/lib CMakeFiles/cmTryCompileExec3588022306.dir/CMakeCCompilerABI.c.o -lgcc --as-needed -lgcc_s --no-as-needed -lc -lgcc --as-needed -lgcc_s --no-as-needed /usr/bin/../lib/gcc/x86_64-linux-gnu/4.8/crtend.o /usr/bin/../lib/gcc/x86_64-linux-gnu/4.8/../../../x86_64-linux-gnu/crtn.o]
    arg [/usr/bin/ld] ==> ignore
    arg [-export-dynamic] ==> ignore
    arg [--eh-frame-hdr] ==> ignore
    arg [-m] ==> ignore
    arg [elf_x86_64] ==> ignore
    arg [-dynamic-linker] ==> ignore
    arg [/lib64/ld-linux-x86-64.so.2] ==> ignore
    arg [-o] ==> ignore
    arg [cmTryCompileExec3588022306] ==> ignore
    arg [/usr/bin/../lib/gcc/x86_64-linux-gnu/4.8/../../../x86_64-linux-gnu/crt1.o] ==> ignore
    arg [/usr/bin/../lib/gcc/x86_64-linux-gnu/4.8/../../../x86_64-linux-gnu/crti.o] ==> ignore
    arg [/usr/bin/../lib/gcc/x86_64-linux-gnu/4.8/crtbegin.o] ==> ignore
    arg [-L/usr/bin/../lib/gcc/x86_64-linux-gnu/4.8] ==> dir [/usr/bin/../lib/gcc/x86_64-linux-gnu/4.8]
    arg [-L/usr/bin/../lib/gcc/x86_64-linux-gnu/4.8/../../../x86_64-linux-gnu] ==> dir [/usr/bin/../lib/gcc/x86_64-linux-gnu/4.8/../../../x86_64-linux-gnu]
    arg [-L/lib/x86_64-linux-gnu] ==> dir [/lib/x86_64-linux-gnu]
    arg [-L/lib/../lib64] ==> dir [/lib/../lib64]
    arg [-L/usr/lib/x86_64-linux-gnu] ==> dir [/usr/lib/x86_64-linux-gnu]
    arg [-L/usr/bin/../lib/gcc/x86_64-linux-gnu/4.8/../../..] ==> dir [/usr/bin/../lib/gcc/x86_64-linux-gnu/4.8/../../..]
    arg [-L/lib] ==> dir [/lib]
    arg [-L/usr/lib] ==> dir [/usr/lib]
    arg [CMakeFiles/cmTryCompileExec3588022306.dir/CMakeCCompilerABI.c.o] ==> ignore
    arg [-lgcc] ==> lib [gcc]
    arg [--as-needed] ==> ignore
    arg [-lgcc_s] ==> lib [gcc_s]
    arg [--no-as-needed] ==> ignore
    arg [-lc] ==> lib [c]
    arg [-lgcc] ==> lib [gcc]
    arg [--as-needed] ==> ignore
    arg [-lgcc_s] ==> lib [gcc_s]
    arg [--no-as-needed] ==> ignore
    arg [/usr/bin/../lib/gcc/x86_64-linux-gnu/4.8/crtend.o] ==> ignore
    arg [/usr/bin/../lib/gcc/x86_64-linux-gnu/4.8/../../../x86_64-linux-gnu/crtn.o] ==> ignore
  remove lib [gcc]
  remove lib [gcc_s]
  remove lib [gcc]
  remove lib [gcc_s]
  collapse library dir [/usr/bin/../lib/gcc/x86_64-linux-gnu/4.8] ==> [/usr/lib/gcc/x86_64-linux-gnu/4.8]
  collapse library dir [/usr/bin/../lib/gcc/x86_64-linux-gnu/4.8/../../../x86_64-linux-gnu] ==> [/usr/lib/x86_64-linux-gnu]
  collapse library dir [/lib/x86_64-linux-gnu] ==> [/lib/x86_64-linux-gnu]
  collapse library dir [/lib/../lib64] ==> [/lib64]
  collapse library dir [/usr/lib/x86_64-linux-gnu] ==> [/usr/lib/x86_64-linux-gnu]
  collapse library dir [/usr/bin/../lib/gcc/x86_64-linux-gnu/4.8/../../..] ==> [/usr/lib]
  collapse library dir [/lib] ==> [/lib]
  collapse library dir [/usr/lib] ==> [/usr/lib]
  implicit libs: [c]
  implicit dirs: [/usr/lib/gcc/x86_64-linux-gnu/4.8;/usr/lib/x86_64-linux-gnu;/lib/x86_64-linux-gnu;/lib64;/usr/lib;/lib]
  implicit fwks: []


Determining if the CXX compiler works passed with the following output:
Change Dir: /home/tomek/Dropbox/solver/CMakeFiles/CMakeTmp

Run Build Command:/usr/bin/make "cmTryCompileExec2468016292/fast"
/usr/bin/make -f CMakeFiles/cmTryCompileExec2468016292.dir/build.make CMakeFiles/cmTryCompileExec2468016292.dir/build
make[1]: Entering directory `/home/tomek/Dropbox/solver/CMakeFiles/CMakeTmp'
/usr/bin/cmake -E cmake_progress_report /home/tomek/Dropbox/solver/CMakeFiles/CMakeTmp/CMakeFiles 1
Building CXX object CMakeFiles/cmTryCompileExec2468016292.dir/testCXXCompiler.cxx.o
/usr/bin/clang++     -o CMakeFiles/cmTryCompileExec2468016292.dir/testCXXCompiler.cxx.o -c /home/tomek/Dropbox/solver/CMakeFiles/CMakeTmp/testCXXCompiler.cxx
Linking CXX executable cmTryCompileExec2468016292
/usr/bin/cmake -E cmake_link_script CMakeFiles/cmTryCompileExec2468016292.dir/link.txt --verbose=1
/usr/bin/clang++        CMakeFiles/cmTryCompileExec2468016292.dir/testCXXCompiler.cxx.o  -o cmTryCompileExec2468016292 -rdynamic 
make[1]: Leaving directory `/home/tomek/Dropbox/solver/CMakeFiles/CMakeTmp'


Detecting CXX compiler ABI info compiled with the following output:
Change Dir: /home/tomek/Dropbox/solver/CMakeFiles/CMakeTmp

Run Build Command:/usr/bin/make "cmTryCompileExec3829396130/fast"
/usr/bin/make -f CMakeFiles/cmTryCompileExec3829396130.dir/build.make CMakeFiles/cmTryCompileExec3829396130.dir/build
make[1]: Entering directory `/home/tomek/Dropbox/solver/CMakeFiles/CMakeTmp'
/usr/bin/cmake -E cmake_progress_report /home/tomek/Dropbox/solver/CMakeFiles/CMakeTmp/CMakeFiles 1
Building CXX object CMakeFiles/cmTryCompileExec3829396130.dir/CMakeCXXCompilerABI.cpp.o
/usr/bin/clang++     -o CMakeFiles/cmTryCompileExec3829396130.dir/CMakeCXXCompilerABI.cpp.o -c /usr/share/cmake-2.8/Modules/CMakeCXXCompilerABI.cpp
Linking CXX executable cmTryCompileExec3829396130
/usr/bin/cmake -E cmake_link_script CMakeFiles/cmTryCompileExec3829396130.dir/link.txt --verbose=1
/usr/bin/clang++      -v CMakeFiles/cmTryCompileExec3829396130.dir/CMakeCXXCompilerABI.cpp.o  -o cmTryCompileExec3829396130 -rdynamic  
Ubuntu clang version 3.4-1ubuntu3 (tags/RELEASE_34/final) (based on LLVM 3.4)
Target: x86_64-pc-linux-gnu
Thread model: posix
Found candidate GCC installation: /usr/bin/../lib/gcc/i686-linux-gnu/4.8
Found candidate GCC installation: /usr/bin/../lib/gcc/i686-linux-gnu/4.8.4
Found candidate GCC installation: /usr/bin/../lib/gcc/i686-linux-gnu/4.9
Found candidate GCC installation: /usr/bin/../lib/gcc/i686-linux-gnu/4.9.3
Found candidate GCC installation: /usr/bin/../lib/gcc/x86_64-linux-gnu/4.8
Found candidate GCC installation: /usr/bin/../lib/gcc/x86_64-linux-gnu/4.8.4
Found candidate GCC installation: /usr/bin/../lib/gcc/x86_64-linux-gnu/4.9
Found candidate GCC installation: /usr/bin/../lib/gcc/x86_64-linux-gnu/4.9.3
Found candidate GCC installation: /usr/lib/gcc/i686-linux-gnu/4.8
Found candidate GCC installation: /usr/lib/gcc/i686-linux-gnu/4.8.4
Found candidate GCC installation: /usr/lib/gcc/i686-linux-gnu/4.9
Found candidate GCC installation: /usr/lib/gcc/i686-linux-gnu/4.9.3
Found candidate GCC installation: /usr/lib/gcc/x86_64-linux-gnu/4.8
Found candidate GCC installation: /usr/lib/gcc/x86_64-linux-gnu/4.8.4
Found candidate GCC installation: /usr/lib/gcc/x86_64-linux-gnu/4.9
Found candidate GCC installation: /usr/lib/gcc/x86_64-linux-gnu/4.9.3
Selected GCC installation: /usr/bin/../lib/gcc/x86_64-linux-gnu/4.8
 "/usr/bin/ld" -export-dynamic --eh-frame-hdr -m elf_x86_64 -dynamic-linker /lib64/ld-linux-x86-64.so.2 -o cmTryCompileExec3829396130 /usr/bin/../lib/gcc/x86_64-linux-gnu/4.8/../../../x86_64-linux-gnu/crt1.o /usr/bin/../lib/gcc/x86_64-linux-gnu/4.8/../../../x86_64-linux-gnu/crti.o /usr/bin/../lib/gcc/x86_64-linux-gnu/4.8/crtbegin.o -L/usr/bin/../lib/gcc/x86_64-linux-gnu/4.8 -L/usr/bin/../lib/gcc/x86_64-linux-gnu/4.8/../../../x86_64-linux-gnu -L/lib/x86_64-linux-gnu -L/lib/../lib64 -L/usr/lib/x86_64-linux-gnu -L/usr/bin/../lib/gcc/x86_64-linux-gnu/4.8/../../.. -L/lib -L/usr/lib CMakeFiles/cmTryCompileExec3829396130.dir/CMakeCXXCompilerABI.cpp.o -lstdc++ -lm -lgcc_s -lgcc -lc -lgcc_s -lgcc /usr/bin/../lib/gcc/x86_64-linux-gnu/4.8/crtend.o /usr/bin/../lib/gcc/x86_64-linux-gnu/4.8/../../../x86_64-linux-gnu/crtn.o
make[1]: Leaving directory `/home/tomek/Dropbox/solver/CMakeFiles/CMakeTmp'


Parsed CXX implicit link information from above output:
  link line regex: [^( *|.*[/\])(ld|([^/\]+-)?ld|collect2)[^/\]*( |$)]
  ignore line: [Change Dir: /home/tomek/Dropbox/solver/CMakeFiles/CMakeTmp]
  ignore line: []
  ignore line: [Run Build Command:/usr/bin/make "cmTryCompileExec3829396130/fast"]
  ignore line: [/usr/bin/make -f CMakeFiles/cmTryCompileExec3829396130.dir/build.make CMakeFiles/cmTryCompileExec3829396130.dir/build]
  ignore line: [make[1]: Entering directory `/home/tomek/Dropbox/solver/CMakeFiles/CMakeTmp']
  ignore line: [/usr/bin/cmake -E cmake_progress_report /home/tomek/Dropbox/solver/CMakeFiles/CMakeTmp/CMakeFiles 1]
  ignore line: [Building CXX object CMakeFiles/cmTryCompileExec3829396130.dir/CMakeCXXCompilerABI.cpp.o]
  ignore line: [/usr/bin/clang++     -o CMakeFiles/cmTryCompileExec3829396130.dir/CMakeCXXCompilerABI.cpp.o -c /usr/share/cmake-2.8/Modules/CMakeCXXCompilerABI.cpp]
  ignore line: [Linking CXX executable cmTryCompileExec3829396130]
  ignore line: [/usr/bin/cmake -E cmake_link_script CMakeFiles/cmTryCompileExec3829396130.dir/link.txt --verbose=1]
  ignore line: [/usr/bin/clang++      -v CMakeFiles/cmTryCompileExec3829396130.dir/CMakeCXXCompilerABI.cpp.o  -o cmTryCompileExec3829396130 -rdynamic  ]
  ignore line: [Ubuntu clang version 3.4-1ubuntu3 (tags/RELEASE_34/final) (based on LLVM 3.4)]
  ignore line: [Target: x86_64-pc-linux-gnu]
  ignore line: [Thread model: posix]
  ignore line: [Found candidate GCC installation: /usr/bin/../lib/gcc/i686-linux-gnu/4.8]
  ignore line: [Found candidate GCC installation: /usr/bin/../lib/gcc/i686-linux-gnu/4.8.4]
  ignore line: [Found candidate GCC installation: /usr/bin/../lib/gcc/i686-linux-gnu/4.9]
  ignore line: [Found candidate GCC installation: /usr/bin/../lib/gcc/i686-linux-gnu/4.9.3]
  ignore line: [Found candidate GCC installation: /usr/bin/../lib/gcc/x86_64-linux-gnu/4.8]
  ignore line: [Found candidate GCC installation: /usr/bin/../lib/gcc/x86_64-linux-gnu/4.8.4]
  ignore line: [Found candidate GCC installation: /usr/bin/../lib/gcc/x86_64-linux-gnu/4.9]
  ignore line: [Found candidate GCC installation: /usr/bin/../lib/gcc/x86_64-linux-gnu/4.9.3]
  ignore line: [Found candidate GCC installation: /usr/lib/gcc/i686-linux-gnu/4.8]
  ignore line: [Found candidate GCC installation: /usr/lib/gcc/i686-linux-gnu/4.8.4]
  ignore line: [Found candidate GCC installation: /usr/lib/gcc/i686-linux-gnu/4.9]
  ignore line: [Found candidate GCC installation: /usr/lib/gcc/i686-linux-gnu/4.9.3]
  ignore line: [Found candidate GCC installation: /usr/lib/gcc/x86_64-linux-gnu/4.8]
  ignore line: [Found candidate GCC installation: /usr/lib/gcc/x86_64-linux-gnu/4.8.4]
  ignore line: [Found candidate GCC installation: /usr/lib/gcc/x86_64-linux-gnu/4.9]
  ignore line: [Found candidate GCC installation: /usr/lib/gcc/x86_64-linux-gnu/4.9.3]
  ignore line: [Selected GCC installation: /usr/bin/../lib/gcc/x86_64-linux-gnu/4.8]
  link line: [ "/usr/bin/ld" -export-dynamic --eh-frame-hdr -m elf_x86_64 -dynamic-linker /lib64/ld-linux-x86-64.so.2 -o cmTryCompileExec3829396130 /usr/bin/../lib/gcc/x86_64-linux-gnu/4.8/../../../x86_64-linux-gnu/crt1.o /usr/bin/../lib/gcc/x86_64-linux-gnu/4.8/../../../x86_64-linux-gnu/crti.o /usr/bin/../lib/gcc/x86_64-linux-gnu/4.8/crtbegin.o -L/usr/bin/../lib/gcc/x86_64-linux-gnu/4.8 -L/usr/bin/../lib/gcc/x86_64-linux-gnu/4.8/../../../x86_64-linux-gnu -L/lib/x86_64-linux-gnu -L/lib/../lib64 -L/usr/lib/x86_64-linux-gnu -L/usr/bin/../lib/gcc/x86_64-linux-gnu/4.8/../../.. -L/lib -L/usr/lib CMakeFiles/cmTryCompileExec3829396130.dir/CMakeCXXCompilerABI.cpp.o -lstdc++ -lm -lgcc_s -lgcc -lc -lgcc_s -lgcc /usr/bin/../lib/gcc/x86_64-linux-gnu/4.8/crtend.o /usr/bin/../lib/gcc/x86_64-linux-gnu/4.8/../../../x86_64-linux-gnu/crtn.o]
    arg [/usr/bin/ld] ==> ignore
    arg [-export-dynamic] ==> ignore
    arg [--eh-frame-hdr] ==> ignore
    arg [-m] ==> ignore
    arg [elf_x86_64] ==> ignore
    arg [-dynamic-linker] ==> ignore
    arg [/lib64/ld-linux-x86-64.so.2] ==> ignore
    arg [-o] ==> ignore
    arg [cmTryCompileExec3829396130] ==> ignore
    arg [/usr/bin/../lib/gcc/x86_64-linux-gnu/4.8/../../../x86_64-linux-gnu/crt1.o] ==> ignore
    arg [/usr/bin/../lib/gcc/x86_64-linux-gnu/4.8/../../../x86_64-linux-gnu/crti.o] ==> ignore
    arg [/usr/bin/../lib/gcc/x86_64-linux-gnu/4.8/crtbegin.o] ==> ignore
    arg [-L/usr/bin/../lib/gcc/x86_64-linux-gnu/4.8] ==> dir [/usr/bin/../lib/gcc/x86_64-linux-gnu/4.8]
    arg [-L/usr/bin/../lib/gcc/x86_64-linux-gnu/4.8/../../../x86_64-linux-gnu] ==> dir [/usr/bin/../lib/gcc/x86_64-linux-gnu/4.8/../../../x86_64-linux-gnu]
    arg [-L/lib/x86_64-linux-gnu] ==> dir [/lib/x86_64-linux-gnu]
    arg [-L/lib/../lib64] ==> dir [/lib/../lib64]
    arg [-L/usr/lib/x86_64-linux-gnu] ==> dir [/usr/lib/x86_64-linux-gnu]
    arg [-L/usr/bin/../lib/gcc/x86_64-linux-gnu/4.8/../../..] ==> dir [/usr/bin/../lib/gcc/x86_64-linux-gnu/4.8/../../..]
    arg [-L/lib] ==> dir [/lib]
    arg [-L/usr/lib] ==> dir [/usr/lib]
    arg [CMakeFiles/cmTryCompileExec3829396130.dir/CMakeCXXCompilerABI.cpp.o] ==> ignore
    arg [-lstdc++] ==> lib [stdc++]
    arg [-lm] ==> lib [m]
    arg [-lgcc_s] ==> lib [gcc_s]
    arg [-lgcc] ==> lib [gcc]
    arg [-lc] ==> lib [c]
    arg [-lgcc_s] ==> lib [gcc_s]
    arg [-lgcc] ==> lib [gcc]
    arg [/usr/bin/../lib/gcc/x86_64-linux-gnu/4.8/crtend.o] ==> ignore
    arg [/usr/bin/../lib/gcc/x86_64-linux-gnu/4.8/../../../x86_64-linux-gnu/crtn.o] ==> ignore
  remove lib [gcc_s]
  remove lib [gcc]
  remove lib [gcc_s]
  remove lib [gcc]
  collapse library dir [/usr/bin/../lib/gcc/x86_64-linux-gnu/4.8] ==> [/usr/lib/gcc/x86_64-linux-gnu/4.8]
  collapse library dir [/usr/bin/../lib/gcc/x86_64-linux-gnu/4.8/../../../x86_64-linux-gnu] ==> [/usr/lib/x86_64-linux-gnu]
  collapse library dir [/lib/x86_64-linux-gnu] ==> [/lib/x86_64-linux-gnu]
  collapse library dir [/lib/../lib64] ==> [/lib64]
  collapse library dir [/usr/lib/x86_64-linux-gnu] ==> [/usr/lib/x86_64-linux-gnu]
  collapse library dir [/usr/bin/../lib/gcc/x86_64-linux-gnu/4.8/../../..] ==> [/usr/lib]
  collapse library dir [/lib] ==> [/lib]
  collapse library dir [/usr/lib] ==> [/usr/lib]
  implicit libs: [stdc++;m;c]
  implicit dirs: [/usr/lib/gcc/x86_64-linux-gnu/4.8;/usr/lib/x86_64-linux-gnu;/lib/x86_64-linux-gnu;/lib64;/usr/lib;/lib]
  implicit fwks: []


Performing C++ SOURCE FILE Test COMPILER_SUPPORTS_CXX11 succeded with the following output:
Change Dir: /home/tomek/Dropbox/solver/CMakeFiles/CMakeTmp

Run Build Command:/usr/bin/make "cmTryCompileExec1703529649/fast"
/usr/bin/make -f CMakeFiles/cmTryCompileExec1703529649.dir/build.make CMakeFiles/cmTryCompileExec1703529649.dir/build
make[1]: Entering directory `/home/tomek/Dropbox/solver/CMakeFiles/CMakeTmp'
/usr/bin/cmake -E cmake_progress_report /home/tomek/Dropbox/solver/CMakeFiles/CMakeTmp/CMakeFiles 1
Building CXX object CMakeFiles/cmTryCompileExec1703529649.dir/src.cxx.o
/usr/bin/clang++    -DCOMPILER_SUPPORTS_CXX11   -std=c++11 -o CMakeFiles/cmTryCompileExec1703529649.dir/src.cxx.o -c /home/tomek/Dropbox/solver/CMakeFiles/CMakeTmp/src.cxx
Linking CXX executable cmTryCompileExec1703529649
/usr/bin/cmake -E cmake_link_script CMakeFiles/cmTryCompileExec1703529649.dir/link.txt --verbose=1
/usr/bin/clang++    -DCOMPILER_SUPPORTS_CXX11    CMakeFiles/cmTryCompileExec1703529649.dir/src.cxx.o  -o cmTryCompileExec1703529649 -rdynamic 
make[1]: Leaving directory `/home/tomek/Dropbox/solver/CMakeFiles/CMakeTmp'

Source file was:
int main() { return 0;}
Performing C++ SOURCE FILE Test COMPILER_SUPPORTS_CXX0X succeded with the following output:
Change Dir: /home/tomek/Dropbox/solver/CMakeFiles/CMakeTmp

Run Build Command:/usr/bin/make "cmTryCompileExec2031181906/fast"
/usr/bin/make -f CMakeFiles/cmTryCompileExec2031181906.dir/build.make CMakeFiles/cmTryCompileExec2031181906.dir/build
make[1]: Entering directory `/home/tomek/Dropbox/solver/CMakeFiles/CMakeTmp'
/usr/bin/cmake -E cmake_progress_report /home/tomek/Dropbox/solver/CMakeFiles/CMakeTmp/CMakeFiles 1
Building CXX object CMakeFiles/cmTryCompileExec2031181906.dir/src.cxx.o
/usr/bin/clang++    -DCOMPILER_SUPPORTS_CXX0X   -std=c++0x -o CMakeFiles/cmTryCompileExec2031181906.dir/src.cxx.o -c /home/tomek/Dropbox/solver/CMakeFiles/CMakeTmp/src.cxx
Linking CXX executable cmTryCompileExec2031181906
/usr/bin/cmake -E cmake_link_script CMakeFiles/cmTryCompileExec2031181906.dir/link.txt --verbose=1
/usr/bin/clang++    -DCOMPILER_SUPPORTS_CXX0X    CMakeFiles/cmTryCompileExec2031181906.dir/src.cxx.o  -o cmTryCompileExec2031181906 -rdynamic 
make[1]: Leaving directory `/home/tomek/Dropbox/solver/CMakeFiles/CMakeTmp'

Source file was:
int main() { return 0;}
Performing C++ SOURCE FILE Test COMPILER_SUPPORTS_CXX11 succeded with the following output:
Change Dir: /home/tomek/satan-solver/satan-solver/CMakeFiles/CMakeTmp

Run Build Command:/usr/bin/make "cmTryCompileExec401947926/fast"
/usr/bin/make -f CMakeFiles/cmTryCompileExec401947926.dir/build.make CMakeFiles/cmTryCompileExec401947926.dir/build
make[1]: Entering directory `/home/tomek/satan-solver/satan-solver/CMakeFiles/CMakeTmp'
/usr/bin/cmake -E cmake_progress_report /home/tomek/satan-solver/satan-solver/CMakeFiles/CMakeTmp/CMakeFiles 1
Building CXX object CMakeFiles/cmTryCompileExec401947926.dir/src.cxx.o
/usr/bin/clang++    -g -Wall -O2 -DCOMPILER_SUPPORTS_CXX11   -std=c++11 -o CMakeFiles/cmTryCompileExec401947926.dir/src.cxx.o -c /home/tomek/satan-solver/satan-solver/CMakeFiles/CMakeTmp/src.cxx
Linking CXX executable cmTryCompileExec401947926
/usr/bin/cmake -E cmake_link_script CMakeFiles/cmTryCompileExec401947926.dir/link.txt --verbose=1
/usr/bin/clang++    -g -Wall -O2 -DCOMPILER_SUPPORTS_CXX11    CMakeFiles/cmTryCompileExec401947926.dir/src.cxx.o  -o cmTryCompileExec401947926 -rdynamic 
make[1]: Leaving directory `/home/tomek/satan-solver/satan-solver/CMakeFiles/CMakeTmp'

Source file was:
int main() { return 0;}
Performing C++ SOURCE FILE Test COMPILER_SUPPORTS_CXX0X succeded with the following output:
Change Dir: /home/tomek/satan-solver/satan-solver/CMakeFiles/CMakeTmp

Run Build Command:/usr/bin/make "cmTryCompileExec1270407960/fast"
/usr/bin/make -f CMakeFiles/cmTryCompileExec1270407960.dir/build.make CMakeFiles/cmTryCompileExec1270407960.dir/build
make[1]: Entering directory `/home/tomek/satan-solver/satan-solver/CMakeFiles/CMakeTmp'
/usr/bin/cmake -E cmake_progress_report /home/tomek/satan-solver/satan-solver/CMakeFiles/CMakeTmp/CMakeFiles 1
Building CXX object CMakeFiles/cmTryCompileExec1270407960.dir/src.cxx.o
/usr/bin/clang++    -g -Wall -O2 -DCOMPILER_SUPPORTS_CXX0X   -std=c++0x -o CMakeFiles/cmTryCompileExec1270407960.dir/src.cxx.o -c /home/tomek/satan-solver/satan-solver/CMakeFiles/CMakeTmp/src.cxx
Linking CXX executable cmTryCompileExec1270407960
/usr/bin/cmake -E cmake_link_script CMakeFiles/cmTryCompileExec1270407960.dir/link.txt --verbose=1
/usr/bin/clang++    -g -Wall -O2 -DCOMPILER_SUPPORTS_CXX0X    CMakeFiles/cmTryCompileExec1270407960.dir/src.cxx.o  -o cmTryCompileExec1270407960 -rdynamic 
make[1]: Leaving directory `/home/tomek/satan-solver/satan-solver/CMakeFiles/CMakeTmp'

Source file was:
int main() { return 0;}
